[0511/122456.306:ERROR:process_reader_win.cc(151)] SuspendThread: Acesso negado. (0x5)
[0511/122456.339:ERROR:process_reader_win.cc(151)] SuspendThread: Acesso negado. (0x5)
[0511/122456.339:ERROR:process_reader_win.cc(123)] NtOpenThread: {Acesso Negado} Um processo solicitou acesso a um objeto, mas o direito de acesso não lhe foi concedido. (0xc0000022)
[0511/122456.339:ERROR:exception_snapshot_win.cc(98)] thread ID 26032 not found in process
[0511/122456.356:ERROR:process_reader_win.cc(151)] SuspendThread: Acesso negado. (0x5)
[0511/122456.356:ERROR:process_reader_win.cc(123)] NtOpenThread: {Acesso Negado} Um processo solicitou acesso a um objeto, mas o direito de acesso não lhe foi concedido. (0xc0000022)
[0511/122456.357:ERROR:exception_snapshot_win.cc(98)] thread ID 3404 not found in process
[0511/122456.373:ERROR:process_reader_win.cc(151)] SuspendThread: Acesso negado. (0x5)
[0511/122456.373:ERROR:process_reader_win.cc(123)] NtOpenThread: {Acesso Negado} Um processo solicitou acesso a um objeto, mas o direito de acesso não lhe foi concedido. (0xc0000022)
[0511/122456.373:ERROR:exception_snapshot_win.cc(98)] thread ID 20756 not found in process
[0511/122456.374:ERROR:process_reader_win.cc(123)] NtOpenThread: {Acesso Negado} Um processo solicitou acesso a um objeto, mas o direito de acesso não lhe foi concedido. (0xc0000022)
[0511/122456.374:ERROR:exception_snapshot_win.cc(98)] thread ID 12988 not found in process
[0511/142446.192:ERROR:process_reader_win.cc(123)] NtOpenThread: {Acesso Negado} Um processo solicitou acesso a um objeto, mas o direito de acesso não lhe foi concedido. (0xc0000022)
[0511/142446.194:ERROR:exception_snapshot_win.cc(98)] thread ID 17972 not found in process
[0511/142446.265:ERROR:process_reader_win.cc(123)] NtOpenThread: {Acesso Negado} Um processo solicitou acesso a um objeto, mas o direito de acesso não lhe foi concedido. (0xc0000022)
[0511/142446.265:ERROR:exception_snapshot_win.cc(98)] thread ID 26124 not found in process
[0511/142526.638:ERROR:process_reader_win.cc(151)] SuspendThread: Acesso negado. (0x5)
[0511/142526.652:ERROR:process_reader_win.cc(151)] SuspendThread: Acesso negado. (0x5)
[0511/142526.652:ERROR:process_reader_win.cc(151)] SuspendThread: Acesso negado. (0x5)
[0511/142526.652:ERROR:process_reader_win.cc(123)] NtOpenThread: {Acesso Negado} Um processo solicitou acesso a um objeto, mas o direito de acesso não lhe foi concedido. (0xc0000022)
[0511/142526.652:ERROR:exception_snapshot_win.cc(98)] thread ID 16812 not found in process
[0511/142526.720:ERROR:process_reader_win.cc(123)] NtOpenThread: {Acesso Negado} Um processo solicitou acesso a um objeto, mas o direito de acesso não lhe foi concedido. (0xc0000022)
[0511/142526.720:ERROR:exception_snapshot_win.cc(98)] thread ID 25732 not found in process
[0511/142618.549:ERROR:process_reader_win.cc(123)] NtOpenThread: {Acesso Negado} Um processo solicitou acesso a um objeto, mas o direito de acesso não lhe foi concedido. (0xc0000022)
[0511/142618.551:ERROR:exception_snapshot_win.cc(98)] thread ID 23168 not found in process
[0511/142618.574:ERROR:process_reader_win.cc(123)] NtOpenThread: {Acesso Negado} Um processo solicitou acesso a um objeto, mas o direito de acesso não lhe foi concedido. (0xc0000022)
[0511/142618.574:ERROR:exception_snapshot_win.cc(98)] thread ID 29548 not found in process
[0511/160139.406:ERROR:process_reader_win.cc(123)] NtOpenThread: {Acesso Negado} Um processo solicitou acesso a um objeto, mas o direito de acesso não lhe foi concedido. (0xc0000022)
[0511/160139.408:ERROR:exception_snapshot_win.cc(98)] thread ID 12564 not found in process
[0511/160139.470:ERROR:process_reader_win.cc(123)] NtOpenThread: {Acesso Negado} Um processo solicitou acesso a um objeto, mas o direito de acesso não lhe foi concedido. (0xc0000022)
[0511/160139.470:ERROR:exception_snapshot_win.cc(98)] thread ID 9476 not found in process
[0511/160824.612:ERROR:process_reader_win.cc(123)] NtOpenThread: {Acesso Negado} Um processo solicitou acesso a um objeto, mas o direito de acesso não lhe foi concedido. (0xc0000022)
[0511/160824.612:ERROR:exception_snapshot_win.cc(98)] thread ID 11324 not found in process
[0511/161420.390:ERROR:process_reader_win.cc(151)] SuspendThread: Acesso negado. (0x5)
[0511/161420.396:ERROR:process_reader_win.cc(151)] SuspendThread: Acesso negado. (0x5)
[0511/161420.397:ERROR:process_reader_win.cc(123)] NtOpenThread: {Acesso Negado} Um processo solicitou acesso a um objeto, mas o direito de acesso não lhe foi concedido. (0xc0000022)
[0511/161420.399:ERROR:exception_snapshot_win.cc(98)] thread ID 24012 not found in process
[0511/161420.403:ERROR:process_reader_win.cc(151)] SuspendThread: Acesso negado. (0x5)
[0511/161420.403:ERROR:process_reader_win.cc(123)] NtOpenThread: {Acesso Negado} Um processo solicitou acesso a um objeto, mas o direito de acesso não lhe foi concedido. (0xc0000022)
[0511/161420.403:ERROR:exception_snapshot_win.cc(98)] thread ID 12684 not found in process
[0511/161420.442:ERROR:process_reader_win.cc(151)] SuspendThread: Acesso negado. (0x5)
[0511/161420.444:ERROR:process_reader_win.cc(123)] NtOpenThread: {Acesso Negado} Um processo solicitou acesso a um objeto, mas o direito de acesso não lhe foi concedido. (0xc0000022)
[0511/161420.444:ERROR:exception_snapshot_win.cc(98)] thread ID 29004 not found in process
[0511/161904.253:ERROR:process_reader_win.cc(151)] SuspendThread: Acesso negado. (0x5)
[0511/161904.257:ERROR:process_reader_win.cc(151)] SuspendThread: Acesso negado. (0x5)
[0511/161904.258:ERROR:process_reader_win.cc(151)] SuspendThread: Acesso negado. (0x5)
[0511/161904.257:ERROR:process_reader_win.cc(123)] NtOpenThread: {Acesso Negado} Um processo solicitou acesso a um objeto, mas o direito de acesso não lhe foi concedido. (0xc0000022)
[0511/161904.258:ERROR:process_reader_win.cc(123)] NtOpenThread: {Acesso Negado} Um processo solicitou acesso a um objeto, mas o direito de acesso não lhe foi concedido. (0xc0000022)
[0511/161904.259:ERROR:exception_snapshot_win.cc(98)] thread ID 30592 not found in process
[0511/161904.258:ERROR:exception_snapshot_win.cc(98)] thread ID 4136 not found in process
[0511/161904.330:ERROR:process_reader_win.cc(123)] NtOpenThread: {Acesso Negado} Um processo solicitou acesso a um objeto, mas o direito de acesso não lhe foi concedido. (0xc0000022)
[0511/161904.330:ERROR:exception_snapshot_win.cc(98)] thread ID 26704 not found in process
[0511/162140.869:ERROR:process_reader_win.cc(151)] SuspendThread: Acesso negado. (0x5)
[0511/162140.879:ERROR:process_reader_win.cc(151)] SuspendThread: Acesso negado. (0x5)
[0511/162140.879:ERROR:process_reader_win.cc(123)] NtOpenThread: {Acesso Negado} Um processo solicitou acesso a um objeto, mas o direito de acesso não lhe foi concedido. (0xc0000022)
[0511/162140.880:ERROR:exception_snapshot_win.cc(98)] thread ID 23600 not found in process
[0511/162140.938:ERROR:process_reader_win.cc(151)] SuspendThread: Acesso negado. (0x5)
[0511/162140.938:ERROR:process_reader_win.cc(123)] NtOpenThread: {Acesso Negado} Um processo solicitou acesso a um objeto, mas o direito de acesso não lhe foi concedido. (0xc0000022)
[0511/162140.938:ERROR:exception_snapshot_win.cc(98)] thread ID 28004 not found in process
[0511/162234.672:ERROR:process_reader_win.cc(123)] NtOpenThread: {Acesso Negado} Um processo solicitou acesso a um objeto, mas o direito de acesso não lhe foi concedido. (0xc0000022)
[0511/162234.678:ERROR:exception_snapshot_win.cc(98)] thread ID 25580 not found in process
[0511/162234.735:ERROR:process_reader_win.cc(123)] NtOpenThread: {Acesso Negado} Um processo solicitou acesso a um objeto, mas o direito de acesso não lhe foi concedido. (0xc0000022)
[0511/162234.735:ERROR:exception_snapshot_win.cc(98)] thread ID 17176 not found in process
[0511/162646.985:ERROR:process_reader_win.cc(151)] SuspendThread: Acesso negado. (0x5)
[0511/162646.987:ERROR:process_reader_win.cc(151)] SuspendThread: Acesso negado. (0x5)
[0511/162646.987:ERROR:process_reader_win.cc(123)] NtOpenThread: {Acesso Negado} Um processo solicitou acesso a um objeto, mas o direito de acesso não lhe foi concedido. (0xc0000022)
[0511/162646.988:ERROR:exception_snapshot_win.cc(98)] thread ID 16476 not found in process
[0511/162647.020:ERROR:process_reader_win.cc(123)] NtOpenThread: {Acesso Negado} Um processo solicitou acesso a um objeto, mas o direito de acesso não lhe foi concedido. (0xc0000022)
[0511/162647.020:ERROR:exception_snapshot_win.cc(98)] thread ID 2836 not found in process
[0511/163955.953:ERROR:process_reader_win.cc(151)] SuspendThread: Acesso negado. (0x5)
[0511/163955.956:ERROR:process_reader_win.cc(151)] SuspendThread: Acesso negado. (0x5)
[0511/163955.956:ERROR:process_reader_win.cc(151)] SuspendThread: Acesso negado. (0x5)
[0511/163955.956:ERROR:process_reader_win.cc(151)] SuspendThread: Acesso negado. (0x5)
[0511/163955.956:ERROR:process_reader_win.cc(123)] NtOpenThread: {Acesso Negado} Um processo solicitou acesso a um objeto, mas o direito de acesso não lhe foi concedido. (0xc0000022)
[0511/163955.956:ERROR:exception_snapshot_win.cc(98)] thread ID 18748 not found in process
[0511/163955.970:ERROR:process_reader_win.cc(151)] SuspendThread: Acesso negado. (0x5)
[0511/163955.970:ERROR:process_reader_win.cc(151)] SuspendThread: Acesso negado. (0x5)
[0511/163955.970:ERROR:process_reader_win.cc(123)] NtOpenThread: {Acesso Negado} Um processo solicitou acesso a um objeto, mas o direito de acesso não lhe foi concedido. (0xc0000022)
[0511/163955.970:ERROR:exception_snapshot_win.cc(98)] thread ID 29580 not found in process
[0511/163955.984:ERROR:process_reader_win.cc(151)] SuspendThread: Acesso negado. (0x5)
[0511/163955.985:ERROR:process_reader_win.cc(123)] NtOpenThread: {Acesso Negado} Um processo solicitou acesso a um objeto, mas o direito de acesso não lhe foi concedido. (0xc0000022)
[0511/163955.985:ERROR:exception_snapshot_win.cc(98)] thread ID 2352 not found in process
[0511/170127.803:ERROR:process_reader_win.cc(151)] SuspendThread: Acesso negado. (0x5)
[0511/170127.813:ERROR:process_reader_win.cc(151)] SuspendThread: Acesso negado. (0x5)
[0511/170127.813:ERROR:process_reader_win.cc(123)] NtOpenThread: {Acesso Negado} Um processo solicitou acesso a um objeto, mas o direito de acesso não lhe foi concedido. (0xc0000022)
[0511/170127.814:ERROR:exception_snapshot_win.cc(98)] thread ID 27632 not found in process
[0511/170127.816:ERROR:process_reader_win.cc(151)] SuspendThread: Acesso negado. (0x5)
[0511/170127.816:ERROR:process_reader_win.cc(151)] SuspendThread: Acesso negado. (0x5)
[0511/170127.817:ERROR:process_reader_win.cc(123)] NtOpenThread: {Acesso Negado} Um processo solicitou acesso a um objeto, mas o direito de acesso não lhe foi concedido. (0xc0000022)
[0511/170127.817:ERROR:exception_snapshot_win.cc(98)] thread ID 5712 not found in process
[0511/170127.818:ERROR:process_reader_win.cc(151)] SuspendThread: Acesso negado. (0x5)
[0511/170127.818:ERROR:process_reader_win.cc(123)] NtOpenThread: {Acesso Negado} Um processo solicitou acesso a um objeto, mas o direito de acesso não lhe foi concedido. (0xc0000022)
[0511/170127.818:ERROR:exception_snapshot_win.cc(98)] thread ID 24096 not found in process
[0511/170254.150:ERROR:process_reader_win.cc(151)] SuspendThread: Acesso negado. (0x5)
[0511/170254.203:ERROR:process_reader_win.cc(151)] SuspendThread: Acesso negado. (0x5)
[0511/170254.203:ERROR:process_reader_win.cc(123)] NtOpenThread: {Acesso Negado} Um processo solicitou acesso a um objeto, mas o direito de acesso não lhe foi concedido. (0xc0000022)
[0511/170254.220:ERROR:exception_snapshot_win.cc(98)] thread ID 25752 not found in process
[0511/170254.237:ERROR:process_reader_win.cc(151)] SuspendThread: Acesso negado. (0x5)
[0511/170254.237:ERROR:process_reader_win.cc(123)] NtOpenThread: {Acesso Negado} Um processo solicitou acesso a um objeto, mas o direito de acesso não lhe foi concedido. (0xc0000022)
[0511/170254.237:ERROR:exception_snapshot_win.cc(98)] thread ID 25888 not found in process
[0511/170254.241:ERROR:process_reader_win.cc(151)] SuspendThread: Acesso negado. (0x5)
[0511/170254.241:ERROR:process_reader_win.cc(151)] SuspendThread: Acesso negado. (0x5)
[0511/170254.241:ERROR:process_reader_win.cc(123)] NtOpenThread: {Acesso Negado} Um processo solicitou acesso a um objeto, mas o direito de acesso não lhe foi concedido. (0xc0000022)
[0511/170254.241:ERROR:exception_snapshot_win.cc(98)] thread ID 28528 not found in process
[0511/170348.461:ERROR:process_reader_win.cc(151)] SuspendThread: Acesso negado. (0x5)
[0511/170348.465:ERROR:process_reader_win.cc(151)] SuspendThread: Acesso negado. (0x5)
[0511/170348.465:ERROR:process_reader_win.cc(151)] SuspendThread: Acesso negado. (0x5)
[0511/170348.465:ERROR:process_reader_win.cc(151)] SuspendThread: Acesso negado. (0x5)
[0511/170348.465:ERROR:process_reader_win.cc(151)] SuspendThread: Acesso negado. (0x5)
[0511/170348.466:ERROR:process_reader_win.cc(151)] SuspendThread: Acesso negado. (0x5)
[0511/170348.466:ERROR:process_reader_win.cc(123)] NtOpenThread: {Acesso Negado} Um processo solicitou acesso a um objeto, mas o direito de acesso não lhe foi concedido. (0xc0000022)
[0511/170348.468:ERROR:exception_snapshot_win.cc(98)] thread ID 30576 not found in process
[0511/170348.625:ERROR:process_reader_win.cc(151)] SuspendThread: Acesso negado. (0x5)
[0511/170348.625:ERROR:process_reader_win.cc(151)] SuspendThread: Acesso negado. (0x5)
[0511/170348.625:ERROR:process_reader_win.cc(123)] NtOpenThread: {Acesso Negado} Um processo solicitou acesso a um objeto, mas o direito de acesso não lhe foi concedido. (0xc0000022)
[0511/170348.626:ERROR:exception_snapshot_win.cc(98)] thread ID 28936 not found in process
[0511/170348.777:ERROR:process_reader_win.cc(123)] NtOpenThread: {Acesso Negado} Um processo solicitou acesso a um objeto, mas o direito de acesso não lhe foi concedido. (0xc0000022)
[0511/170348.777:ERROR:exception_snapshot_win.cc(98)] thread ID 24052 not found in process
[0511/170439.906:ERROR:process_reader_win.cc(151)] SuspendThread: Acesso negado. (0x5)
[0511/170439.912:ERROR:process_reader_win.cc(123)] NtOpenThread: {Acesso Negado} Um processo solicitou acesso a um objeto, mas o direito de acesso não lhe foi concedido. (0xc0000022)
[0511/170439.913:ERROR:exception_snapshot_win.cc(98)] thread ID 25792 not found in process
[0511/170439.968:ERROR:process_reader_win.cc(151)] SuspendThread: Acesso negado. (0x5)
[0511/170439.968:ERROR:process_reader_win.cc(123)] NtOpenThread: {Acesso Negado} Um processo solicitou acesso a um objeto, mas o direito de acesso não lhe foi concedido. (0xc0000022)
[0511/170439.968:ERROR:exception_snapshot_win.cc(98)] thread ID 28068 not found in process
[0511/170439.970:ERROR:process_reader_win.cc(151)] SuspendThread: Acesso negado. (0x5)
[0511/170439.970:ERROR:process_reader_win.cc(151)] SuspendThread: Acesso negado. (0x5)
[0511/170439.970:ERROR:process_reader_win.cc(123)] NtOpenThread: {Acesso Negado} Um processo solicitou acesso a um objeto, mas o direito de acesso não lhe foi concedido. (0xc0000022)
[0511/170439.970:ERROR:exception_snapshot_win.cc(98)] thread ID 26028 not found in process
[0511/171207.594:ERROR:process_reader_win.cc(151)] SuspendThread: Acesso negado. (0x5)
[0511/171207.660:ERROR:process_reader_win.cc(151)] SuspendThread: Acesso negado. (0x5)
[0511/171207.660:ERROR:process_reader_win.cc(123)] NtOpenThread: {Acesso Negado} Um processo solicitou acesso a um objeto, mas o direito de acesso não lhe foi concedido. (0xc0000022)
[0511/171207.661:ERROR:exception_snapshot_win.cc(98)] thread ID 29232 not found in process
[0511/171207.725:ERROR:process_reader_win.cc(151)] SuspendThread: Acesso negado. (0x5)
[0511/171207.725:ERROR:process_reader_win.cc(123)] NtOpenThread: {Acesso Negado} Um processo solicitou acesso a um objeto, mas o direito de acesso não lhe foi concedido. (0xc0000022)
[0511/171207.725:ERROR:exception_snapshot_win.cc(98)] thread ID 30060 not found in process
[0511/171207.739:ERROR:process_reader_win.cc(151)] SuspendThread: Acesso negado. (0x5)
[0511/171207.740:ERROR:process_reader_win.cc(151)] SuspendThread: Acesso negado. (0x5)
[0511/171207.740:ERROR:process_reader_win.cc(123)] NtOpenThread: {Acesso Negado} Um processo solicitou acesso a um objeto, mas o direito de acesso não lhe foi concedido. (0xc0000022)
[0511/171207.740:ERROR:exception_snapshot_win.cc(98)] thread ID 29848 not found in process
[0511/171319.288:ERROR:process_reader_win.cc(151)] SuspendThread: Acesso negado. (0x5)
[0511/171319.290:ERROR:process_reader_win.cc(151)] SuspendThread: Acesso negado. (0x5)
[0511/171319.290:ERROR:process_reader_win.cc(123)] NtOpenThread: {Acesso Negado} Um processo solicitou acesso a um objeto, mas o direito de acesso não lhe foi concedido. (0xc0000022)
[0511/171319.291:ERROR:exception_snapshot_win.cc(98)] thread ID 2696 not found in process
[0511/171319.347:ERROR:process_reader_win.cc(151)] SuspendThread: Acesso negado. (0x5)
[0511/171319.347:ERROR:process_reader_win.cc(151)] SuspendThread: Acesso negado. (0x5)
[0511/171319.348:ERROR:process_reader_win.cc(151)] SuspendThread: Acesso negado. (0x5)
[0511/171319.348:ERROR:process_reader_win.cc(123)] NtOpenThread: {Acesso Negado} Um processo solicitou acesso a um objeto, mas o direito de acesso não lhe foi concedido. (0xc0000022)
[0511/171319.348:ERROR:exception_snapshot_win.cc(98)] thread ID 20092 not found in process
[0511/182804.428:ERROR:process_reader_win.cc(151)] SuspendThread: Acesso negado. (0x5)
[0511/182804.490:ERROR:process_reader_win.cc(151)] SuspendThread: Acesso negado. (0x5)
[0511/182804.491:ERROR:process_reader_win.cc(151)] SuspendThread: Acesso negado. (0x5)
[0511/182804.492:ERROR:process_reader_win.cc(151)] SuspendThread: Acesso negado. (0x5)
[0511/182804.502:ERROR:process_reader_win.cc(151)] SuspendThread: Acesso negado. (0x5)
[0511/182804.502:ERROR:process_reader_win.cc(151)] SuspendThread: Acesso negado. (0x5)
[0511/182804.502:ERROR:process_reader_win.cc(123)] NtOpenThread: {Acesso Negado} Um processo solicitou acesso a um objeto, mas o direito de acesso não lhe foi concedido. (0xc0000022)
[0511/182804.503:ERROR:exception_snapshot_win.cc(98)] thread ID 9000 not found in process
[0511/182804.437:ERROR:process_reader_win.cc(123)] NtOpenThread: {Acesso Negado} Um processo solicitou acesso a um objeto, mas o direito de acesso não lhe foi concedido. (0xc0000022)
[0511/182804.505:ERROR:exception_snapshot_win.cc(98)] thread ID 15788 not found in process
[0511/182804.383:ERROR:process_reader_win.cc(123)] NtOpenThread: {Acesso Negado} Um processo solicitou acesso a um objeto, mas o direito de acesso não lhe foi concedido. (0xc0000022)
[0511/182804.506:ERROR:exception_snapshot_win.cc(98)] thread ID 27452 not found in process
[0511/183404.291:ERROR:process_reader_win.cc(151)] SuspendThread: Acesso negado. (0x5)
[0511/183404.296:ERROR:process_reader_win.cc(151)] SuspendThread: Acesso negado. (0x5)
[0511/183404.296:ERROR:process_reader_win.cc(123)] NtOpenThread: {Acesso Negado} Um processo solicitou acesso a um objeto, mas o direito de acesso não lhe foi concedido. (0xc0000022)
[0511/183404.298:ERROR:exception_snapshot_win.cc(98)] thread ID 28360 not found in process
[0511/183404.329:ERROR:process_reader_win.cc(151)] SuspendThread: Acesso negado. (0x5)
[0511/183404.329:ERROR:process_reader_win.cc(123)] NtOpenThread: {Acesso Negado} Um processo solicitou acesso a um objeto, mas o direito de acesso não lhe foi concedido. (0xc0000022)
[0511/183404.329:ERROR:exception_snapshot_win.cc(98)] thread ID 23804 not found in process
[0511/183404.347:ERROR:process_reader_win.cc(151)] SuspendThread: Acesso negado. (0x5)
[0511/183404.348:ERROR:process_reader_win.cc(151)] SuspendThread: Acesso negado. (0x5)
[0511/183404.348:ERROR:process_reader_win.cc(151)] SuspendThread: Acesso negado. (0x5)
[0511/183404.349:ERROR:process_reader_win.cc(151)] SuspendThread: Acesso negado. (0x5)
[0511/183404.349:ERROR:process_reader_win.cc(123)] NtOpenThread: {Acesso Negado} Um processo solicitou acesso a um objeto, mas o direito de acesso não lhe foi concedido. (0xc0000022)
[0511/183404.349:ERROR:exception_snapshot_win.cc(98)] thread ID 30384 not found in process
[0511/184156.004:ERROR:process_reader_win.cc(123)] NtOpenThread: {Acesso Negado} Um processo solicitou acesso a um objeto, mas o direito de acesso não lhe foi concedido. (0xc0000022)
[0511/184156.008:ERROR:exception_snapshot_win.cc(98)] thread ID 24268 not found in process
[0511/184156.164:ERROR:process_reader_win.cc(151)] SuspendThread: Acesso negado. (0x5)
[0511/184156.165:ERROR:process_reader_win.cc(151)] SuspendThread: Acesso negado. (0x5)
[0511/184156.165:ERROR:process_reader_win.cc(151)] SuspendThread: Acesso negado. (0x5)
[0511/184156.165:ERROR:process_reader_win.cc(151)] SuspendThread: Acesso negado. (0x5)
[0511/184156.165:ERROR:process_reader_win.cc(123)] NtOpenThread: {Acesso Negado} Um processo solicitou acesso a um objeto, mas o direito de acesso não lhe foi concedido. (0xc0000022)
[0511/184156.165:ERROR:exception_snapshot_win.cc(98)] thread ID 9704 not found in process
[0511/184329.954:ERROR:process_reader_win.cc(151)] SuspendThread: Acesso negado. (0x5)
[0511/184329.966:ERROR:process_reader_win.cc(123)] NtOpenThread: {Acesso Negado} Um processo solicitou acesso a um objeto, mas o direito de acesso não lhe foi concedido. (0xc0000022)
[0511/184329.967:ERROR:exception_snapshot_win.cc(98)] thread ID 20164 not found in process
[0511/184330.105:ERROR:process_reader_win.cc(151)] SuspendThread: Acesso negado. (0x5)
[0511/184330.105:ERROR:process_reader_win.cc(151)] SuspendThread: Acesso negado. (0x5)
[0511/184330.105:ERROR:process_reader_win.cc(151)] SuspendThread: Acesso negado. (0x5)
[0511/184330.107:ERROR:process_reader_win.cc(151)] SuspendThread: Acesso negado. (0x5)
[0511/184330.107:ERROR:process_reader_win.cc(151)] SuspendThread: Acesso negado. (0x5)
[0511/184330.107:ERROR:process_reader_win.cc(123)] NtOpenThread: {Acesso Negado} Um processo solicitou acesso a um objeto, mas o direito de acesso não lhe foi concedido. (0xc0000022)
[0511/184330.107:ERROR:exception_snapshot_win.cc(98)] thread ID 28004 not found in process
[0511/184733.410:ERROR:process_reader_win.cc(151)] SuspendThread: Acesso negado. (0x5)
[0511/184733.415:ERROR:process_reader_win.cc(151)] SuspendThread: Acesso negado. (0x5)
[0511/184733.415:ERROR:process_reader_win.cc(123)] NtOpenThread: {Acesso Negado} Um processo solicitou acesso a um objeto, mas o direito de acesso não lhe foi concedido. (0xc0000022)
[0511/184733.420:ERROR:exception_snapshot_win.cc(98)] thread ID 29492 not found in process
[0511/184733.508:ERROR:process_reader_win.cc(151)] SuspendThread: Acesso negado. (0x5)
[0511/184733.508:ERROR:process_reader_win.cc(123)] NtOpenThread: {Acesso Negado} Um processo solicitou acesso a um objeto, mas o direito de acesso não lhe foi concedido. (0xc0000022)
[0511/184733.508:ERROR:exception_snapshot_win.cc(98)] thread ID 4452 not found in process
[0511/184733.516:ERROR:process_reader_win.cc(151)] SuspendThread: Acesso negado. (0x5)
[0511/184733.517:ERROR:process_reader_win.cc(151)] SuspendThread: Acesso negado. (0x5)
[0511/184733.517:ERROR:process_reader_win.cc(151)] SuspendThread: Acesso negado. (0x5)
[0511/184733.517:ERROR:process_reader_win.cc(123)] NtOpenThread: {Acesso Negado} Um processo solicitou acesso a um objeto, mas o direito de acesso não lhe foi concedido. (0xc0000022)
[0511/184733.517:ERROR:exception_snapshot_win.cc(98)] thread ID 17308 not found in process
[0511/184908.405:ERROR:process_reader_win.cc(151)] SuspendThread: Acesso negado. (0x5)
[0511/184908.415:ERROR:process_reader_win.cc(151)] SuspendThread: Acesso negado. (0x5)
[0511/184908.415:ERROR:process_reader_win.cc(123)] NtOpenThread: {Acesso Negado} Um processo solicitou acesso a um objeto, mas o direito de acesso não lhe foi concedido. (0xc0000022)
[0511/184908.416:ERROR:exception_snapshot_win.cc(98)] thread ID 21980 not found in process
[0511/184908.452:ERROR:process_reader_win.cc(151)] SuspendThread: Acesso negado. (0x5)
[0511/184908.452:ERROR:process_reader_win.cc(123)] NtOpenThread: {Acesso Negado} Um processo solicitou acesso a um objeto, mas o direito de acesso não lhe foi concedido. (0xc0000022)
[0511/184908.452:ERROR:exception_snapshot_win.cc(98)] thread ID 1964 not found in process
[0511/184908.468:ERROR:process_reader_win.cc(151)] SuspendThread: Acesso negado. (0x5)
[0511/184908.468:ERROR:process_reader_win.cc(151)] SuspendThread: Acesso negado. (0x5)
[0511/184908.468:ERROR:process_reader_win.cc(151)] SuspendThread: Acesso negado. (0x5)
[0511/184908.468:ERROR:process_reader_win.cc(151)] SuspendThread: Acesso negado. (0x5)
[0511/184908.469:ERROR:process_reader_win.cc(151)] SuspendThread: Acesso negado. (0x5)
[0511/184908.469:ERROR:process_reader_win.cc(123)] NtOpenThread: {Acesso Negado} Um processo solicitou acesso a um objeto, mas o direito de acesso não lhe foi concedido. (0xc0000022)
[0511/184908.469:ERROR:exception_snapshot_win.cc(98)] thread ID 25060 not found in process
[0511/185208.905:ERROR:process_reader_win.cc(151)] SuspendThread: Acesso negado. (0x5)
[0511/185208.912:ERROR:process_reader_win.cc(151)] SuspendThread: Acesso negado. (0x5)
[0511/185208.912:ERROR:process_reader_win.cc(123)] NtOpenThread: {Acesso Negado} Um processo solicitou acesso a um objeto, mas o direito de acesso não lhe foi concedido. (0xc0000022)
[0511/185208.912:ERROR:exception_snapshot_win.cc(98)] thread ID 576 not found in process
[0511/185209.025:ERROR:process_reader_win.cc(151)] SuspendThread: Acesso negado. (0x5)
[0511/185209.026:ERROR:process_reader_win.cc(151)] SuspendThread: Acesso negado. (0x5)
[0511/185209.026:ERROR:process_reader_win.cc(151)] SuspendThread: Acesso negado. (0x5)
[0511/185209.026:ERROR:process_reader_win.cc(151)] SuspendThread: Acesso negado. (0x5)
[0511/185209.026:ERROR:process_reader_win.cc(151)] SuspendThread: Acesso negado. (0x5)
[0511/185209.026:ERROR:process_reader_win.cc(123)] NtOpenThread: {Acesso Negado} Um processo solicitou acesso a um objeto, mas o direito de acesso não lhe foi concedido. (0xc0000022)
[0511/185209.026:ERROR:exception_snapshot_win.cc(98)] thread ID 18640 not found in process
[0511/190827.899:ERROR:process_reader_win.cc(151)] SuspendThread: Acesso negado. (0x5)
[0511/190827.901:ERROR:process_reader_win.cc(151)] SuspendThread: Acesso negado. (0x5)
[0511/190827.901:ERROR:process_reader_win.cc(123)] NtOpenThread: {Acesso Negado} Um processo solicitou acesso a um objeto, mas o direito de acesso não lhe foi concedido. (0xc0000022)
[0511/190827.908:ERROR:exception_snapshot_win.cc(98)] thread ID 4152 not found in process
[0511/190828.004:ERROR:process_reader_win.cc(151)] SuspendThread: Acesso negado. (0x5)
[0511/190828.004:ERROR:process_reader_win.cc(123)] NtOpenThread: {Acesso Negado} Um processo solicitou acesso a um objeto, mas o direito de acesso não lhe foi concedido. (0xc0000022)
[0511/190828.004:ERROR:exception_snapshot_win.cc(98)] thread ID 25060 not found in process
[0511/190828.041:ERROR:process_reader_win.cc(151)] SuspendThread: Acesso negado. (0x5)
[0511/190828.041:ERROR:process_reader_win.cc(151)] SuspendThread: Acesso negado. (0x5)
[0511/190828.041:ERROR:process_reader_win.cc(151)] SuspendThread: Acesso negado. (0x5)
[0511/190828.041:ERROR:process_reader_win.cc(151)] SuspendThread: Acesso negado. (0x5)
[0511/190828.042:ERROR:process_reader_win.cc(151)] SuspendThread: Acesso negado. (0x5)
[0511/190828.042:ERROR:process_reader_win.cc(123)] NtOpenThread: {Acesso Negado} Um processo solicitou acesso a um objeto, mas o direito de acesso não lhe foi concedido. (0xc0000022)
[0511/190828.042:ERROR:exception_snapshot_win.cc(98)] thread ID 29228 not found in process
[0511/191008.747:ERROR:process_reader_win.cc(123)] NtOpenThread: {Acesso Negado} Um processo solicitou acesso a um objeto, mas o direito de acesso não lhe foi concedido. (0xc0000022)
[0511/191008.789:ERROR:exception_snapshot_win.cc(98)] thread ID 27132 not found in process
[0511/191008.905:ERROR:process_reader_win.cc(151)] SuspendThread: Acesso negado. (0x5)
[0511/191008.906:ERROR:process_reader_win.cc(151)] SuspendThread: Acesso negado. (0x5)
[0511/191008.906:ERROR:process_reader_win.cc(151)] SuspendThread: Acesso negado. (0x5)
[0511/191008.906:ERROR:process_reader_win.cc(151)] SuspendThread: Acesso negado. (0x5)
[0511/191008.906:ERROR:process_reader_win.cc(151)] SuspendThread: Acesso negado. (0x5)
[0511/191008.906:ERROR:process_reader_win.cc(123)] NtOpenThread: {Acesso Negado} Um processo solicitou acesso a um objeto, mas o direito de acesso não lhe foi concedido. (0xc0000022)
[0511/191008.906:ERROR:exception_snapshot_win.cc(98)] thread ID 18184 not found in process
[0511/191641.514:ERROR:process_reader_win.cc(151)] SuspendThread: Acesso negado. (0x5)
[0511/191641.517:ERROR:process_reader_win.cc(123)] NtOpenThread: {Acesso Negado} Um processo solicitou acesso a um objeto, mas o direito de acesso não lhe foi concedido. (0xc0000022)
[0511/191641.519:ERROR:exception_snapshot_win.cc(98)] thread ID 10812 not found in process
[0511/191641.655:ERROR:process_reader_win.cc(151)] SuspendThread: Acesso negado. (0x5)
[0511/191641.689:ERROR:process_reader_win.cc(151)] SuspendThread: Acesso negado. (0x5)
[0511/191641.689:ERROR:process_reader_win.cc(151)] SuspendThread: Acesso negado. (0x5)
[0511/191641.702:ERROR:process_reader_win.cc(151)] SuspendThread: Acesso negado. (0x5)
[0511/191641.702:ERROR:process_reader_win.cc(123)] NtOpenThread: {Acesso Negado} Um processo solicitou acesso a um objeto, mas o direito de acesso não lhe foi concedido. (0xc0000022)
[0511/191641.702:ERROR:exception_snapshot_win.cc(98)] thread ID 25396 not found in process
[0511/191641.743:ERROR:process_reader_win.cc(151)] SuspendThread: Acesso negado. (0x5)
[0511/191641.744:ERROR:process_reader_win.cc(123)] NtOpenThread: {Acesso Negado} Um processo solicitou acesso a um objeto, mas o direito de acesso não lhe foi concedido. (0xc0000022)
[0511/191641.744:ERROR:exception_snapshot_win.cc(98)] thread ID 17296 not found in process
[0511/191642.216:ERROR:process_reader_win.cc(123)] NtOpenThread: {Acesso Negado} Um processo solicitou acesso a um objeto, mas o direito de acesso não lhe foi concedido. (0xc0000022)
[0511/191642.216:ERROR:exception_snapshot_win.cc(98)] thread ID 18500 not found in process
[0511/191703.799:ERROR:file_io.cc(89)] ReadExactly: expected 36, observed 0
[0511/191752.281:ERROR:process_reader_win.cc(151)] SuspendThread: Acesso negado. (0x5)
[0511/191752.291:ERROR:process_reader_win.cc(151)] SuspendThread: Acesso negado. (0x5)
[0511/191752.291:ERROR:process_reader_win.cc(123)] NtOpenThread: {Acesso Negado} Um processo solicitou acesso a um objeto, mas o direito de acesso não lhe foi concedido. (0xc0000022)
[0511/191752.292:ERROR:exception_snapshot_win.cc(98)] thread ID 25752 not found in process
[0511/191752.415:ERROR:process_reader_win.cc(151)] SuspendThread: Acesso negado. (0x5)
[0511/191752.415:ERROR:process_reader_win.cc(151)] SuspendThread: Acesso negado. (0x5)
[0511/191752.415:ERROR:process_reader_win.cc(151)] SuspendThread: Acesso negado. (0x5)
[0511/191752.416:ERROR:process_reader_win.cc(151)] SuspendThread: Acesso negado. (0x5)
[0511/191752.416:ERROR:process_reader_win.cc(151)] SuspendThread: Acesso negado. (0x5)
[0511/191752.416:ERROR:process_reader_win.cc(123)] NtOpenThread: {Acesso Negado} Um processo solicitou acesso a um objeto, mas o direito de acesso não lhe foi concedido. (0xc0000022)
[0511/191752.418:ERROR:exception_snapshot_win.cc(98)] thread ID 27248 not found in process
[0511/192253.266:ERROR:process_reader_win.cc(151)] SuspendThread: Acesso negado. (0x5)
[0511/192253.271:ERROR:process_reader_win.cc(123)] NtOpenThread: {Acesso Negado} Um processo solicitou acesso a um objeto, mas o direito de acesso não lhe foi concedido. (0xc0000022)
[0511/192253.271:ERROR:exception_snapshot_win.cc(98)] thread ID 23852 not found in process
[0511/192253.369:ERROR:process_reader_win.cc(151)] SuspendThread: Acesso negado. (0x5)
[0511/192253.371:ERROR:process_reader_win.cc(123)] NtOpenThread: {Acesso Negado} Um processo solicitou acesso a um objeto, mas o direito de acesso não lhe foi concedido. (0xc0000022)
[0511/192253.372:ERROR:exception_snapshot_win.cc(98)] thread ID 15956 not found in process
[0511/192253.417:ERROR:process_reader_win.cc(151)] SuspendThread: Acesso negado. (0x5)
[0511/192253.418:ERROR:process_reader_win.cc(151)] SuspendThread: Acesso negado. (0x5)
[0511/192253.419:ERROR:process_reader_win.cc(151)] SuspendThread: Acesso negado. (0x5)
[0511/192253.419:ERROR:process_reader_win.cc(151)] SuspendThread: Acesso negado. (0x5)
[0511/192253.419:ERROR:process_reader_win.cc(151)] SuspendThread: Acesso negado. (0x5)
[0511/192253.419:ERROR:process_reader_win.cc(123)] NtOpenThread: {Acesso Negado} Um processo solicitou acesso a um objeto, mas o direito de acesso não lhe foi concedido. (0xc0000022)
[0511/192253.419:ERROR:exception_snapshot_win.cc(98)] thread ID 2068 not found in process
[0511/192412.045:ERROR:process_reader_win.cc(151)] SuspendThread: Acesso negado. (0x5)
[0511/192412.056:ERROR:process_reader_win.cc(123)] NtOpenThread: {Acesso Negado} Um processo solicitou acesso a um objeto, mas o direito de acesso não lhe foi concedido. (0xc0000022)
[0511/192412.058:ERROR:exception_snapshot_win.cc(98)] thread ID 29228 not found in process
[0511/192412.110:ERROR:process_reader_win.cc(151)] SuspendThread: Acesso negado. (0x5)
[0511/192412.111:ERROR:process_reader_win.cc(151)] SuspendThread: Acesso negado. (0x5)
[0511/192412.111:ERROR:process_reader_win.cc(151)] SuspendThread: Acesso negado. (0x5)
[0511/192412.111:ERROR:process_reader_win.cc(151)] SuspendThread: Acesso negado. (0x5)
[0511/192412.111:ERROR:process_reader_win.cc(151)] SuspendThread: Acesso negado. (0x5)
[0511/192412.111:ERROR:process_reader_win.cc(123)] NtOpenThread: {Acesso Negado} Um processo solicitou acesso a um objeto, mas o direito de acesso não lhe foi concedido. (0xc0000022)
[0511/192412.111:ERROR:exception_snapshot_win.cc(98)] thread ID 29568 not found in process
[0511/213939.583:ERROR:process_reader_win.cc(151)] SuspendThread: Acesso negado. (0x5)
[0511/213939.588:ERROR:process_reader_win.cc(151)] SuspendThread: Acesso negado. (0x5)
[0511/213939.588:ERROR:process_reader_win.cc(151)] SuspendThread: Acesso negado. (0x5)
[0511/213939.589:ERROR:process_reader_win.cc(151)] SuspendThread: Acesso negado. (0x5)
[0511/213939.589:ERROR:process_reader_win.cc(151)] SuspendThread: Acesso negado. (0x5)
[0511/213939.589:ERROR:process_reader_win.cc(123)] NtOpenThread: {Acesso Negado} Um processo solicitou acesso a um objeto, mas o direito de acesso não lhe foi concedido. (0xc0000022)
[0511/213939.595:ERROR:exception_snapshot_win.cc(98)] thread ID 24004 not found in process
[0511/213939.602:ERROR:process_reader_win.cc(151)] SuspendThread: Acesso negado. (0x5)
[0511/213939.602:ERROR:process_reader_win.cc(123)] NtOpenThread: {Acesso Negado} Um processo solicitou acesso a um objeto, mas o direito de acesso não lhe foi concedido. (0xc0000022)
[0511/213939.602:ERROR:exception_snapshot_win.cc(98)] thread ID 30576 not found in process
[0511/230829.927:ERROR:process_reader_win.cc(151)] SuspendThread: Acesso negado. (0x5)
[0511/230829.943:ERROR:process_reader_win.cc(151)] SuspendThread: Acesso negado. (0x5)
[0511/230829.943:ERROR:process_reader_win.cc(123)] NtOpenThread: {Acesso Negado} Um processo solicitou acesso a um objeto, mas o direito de acesso não lhe foi concedido. (0xc0000022)
[0511/230829.944:ERROR:exception_snapshot_win.cc(98)] thread ID 31016 not found in process
[0511/230829.967:ERROR:process_reader_win.cc(151)] SuspendThread: Acesso negado. (0x5)
[0511/230829.968:ERROR:process_reader_win.cc(151)] SuspendThread: Acesso negado. (0x5)
[0511/230829.968:ERROR:process_reader_win.cc(151)] SuspendThread: Acesso negado. (0x5)
[0511/230829.968:ERROR:process_reader_win.cc(151)] SuspendThread: Acesso negado. (0x5)
[0511/230829.968:ERROR:process_reader_win.cc(123)] NtOpenThread: {Acesso Negado} Um processo solicitou acesso a um objeto, mas o direito de acesso não lhe foi concedido. (0xc0000022)
[0511/230829.968:ERROR:exception_snapshot_win.cc(98)] thread ID 30540 not found in process
[0511/230829.978:ERROR:process_reader_win.cc(151)] SuspendThread: Acesso negado. (0x5)
[0511/230829.978:ERROR:process_reader_win.cc(123)] NtOpenThread: {Acesso Negado} Um processo solicitou acesso a um objeto, mas o direito de acesso não lhe foi concedido. (0xc0000022)
[0511/230829.978:ERROR:exception_snapshot_win.cc(98)] thread ID 30680 not found in process
[0511/231852.410:ERROR:process_reader_win.cc(151)] SuspendThread: Acesso negado. (0x5)
[0511/231852.417:ERROR:process_reader_win.cc(123)] NtOpenThread: {Acesso Negado} Um processo solicitou acesso a um objeto, mas o direito de acesso não lhe foi concedido. (0xc0000022)
[0511/231852.418:ERROR:exception_snapshot_win.cc(98)] thread ID 26388 not found in process
[0511/231852.456:ERROR:process_reader_win.cc(151)] SuspendThread: Acesso negado. (0x5)
[0511/231852.456:ERROR:process_reader_win.cc(123)] NtOpenThread: {Acesso Negado} Um processo solicitou acesso a um objeto, mas o direito de acesso não lhe foi concedido. (0xc0000022)
[0511/231852.456:ERROR:exception_snapshot_win.cc(98)] thread ID 1280 not found in process
[0511/231951.204:ERROR:process_reader_win.cc(123)] NtOpenThread: {Acesso Negado} Um processo solicitou acesso a um objeto, mas o direito de acesso não lhe foi concedido. (0xc0000022)
[0511/231951.238:ERROR:exception_snapshot_win.cc(98)] thread ID 25576 not found in process
[0511/231951.277:ERROR:process_reader_win.cc(151)] SuspendThread: Acesso negado. (0x5)
[0511/231951.279:ERROR:process_reader_win.cc(151)] SuspendThread: Acesso negado. (0x5)
[0511/231951.280:ERROR:process_reader_win.cc(151)] SuspendThread: Acesso negado. (0x5)
[0511/231951.280:ERROR:process_reader_win.cc(123)] NtOpenThread: {Acesso Negado} Um processo solicitou acesso a um objeto, mas o direito de acesso não lhe foi concedido. (0xc0000022)
[0511/231951.280:ERROR:exception_snapshot_win.cc(98)] thread ID 21988 not found in process
[0511/232401.585:ERROR:process_reader_win.cc(123)] NtOpenThread: {Acesso Negado} Um processo solicitou acesso a um objeto, mas o direito de acesso não lhe foi concedido. (0xc0000022)
[0511/232401.607:ERROR:exception_snapshot_win.cc(98)] thread ID 10648 not found in process
[0511/232401.654:ERROR:process_reader_win.cc(151)] SuspendThread: Acesso negado. (0x5)
[0511/232401.655:ERROR:process_reader_win.cc(151)] SuspendThread: Acesso negado. (0x5)
[0511/232401.655:ERROR:process_reader_win.cc(123)] NtOpenThread: {Acesso Negado} Um processo solicitou acesso a um objeto, mas o direito de acesso não lhe foi concedido. (0xc0000022)
[0511/232401.655:ERROR:exception_snapshot_win.cc(98)] thread ID 31732 not found in process
[0511/232640.248:ERROR:process_reader_win.cc(123)] NtOpenThread: {Acesso Negado} Um processo solicitou acesso a um objeto, mas o direito de acesso não lhe foi concedido. (0xc0000022)
[0511/232640.250:ERROR:exception_snapshot_win.cc(98)] thread ID 30984 not found in process
[0511/232640.326:ERROR:process_reader_win.cc(123)] NtOpenThread: {Acesso Negado} Um processo solicitou acesso a um objeto, mas o direito de acesso não lhe foi concedido. (0xc0000022)
[0511/232640.327:ERROR:exception_snapshot_win.cc(98)] thread ID 29864 not found in process
[0511/232754.760:ERROR:process_reader_win.cc(123)] NtOpenThread: {Acesso Negado} Um processo solicitou acesso a um objeto, mas o direito de acesso não lhe foi concedido. (0xc0000022)
[0511/232754.762:ERROR:exception_snapshot_win.cc(98)] thread ID 30868 not found in process
[0511/232754.808:ERROR:process_reader_win.cc(123)] NtOpenThread: {Acesso Negado} Um processo solicitou acesso a um objeto, mas o direito de acesso não lhe foi concedido. (0xc0000022)
[0511/232754.808:ERROR:exception_snapshot_win.cc(98)] thread ID 20940 not found in process
[0511/232957.112:ERROR:process_reader_win.cc(151)] SuspendThread: Acesso negado. (0x5)
[0511/232957.116:ERROR:process_reader_win.cc(151)] SuspendThread: Acesso negado. (0x5)
[0511/232957.116:ERROR:process_reader_win.cc(123)] NtOpenThread: {Acesso Negado} Um processo solicitou acesso a um objeto, mas o direito de acesso não lhe foi concedido. (0xc0000022)
[0511/232957.121:ERROR:exception_snapshot_win.cc(98)] thread ID 10964 not found in process
[0511/232957.160:ERROR:process_reader_win.cc(151)] SuspendThread: Acesso negado. (0x5)
[0511/232957.160:ERROR:process_reader_win.cc(123)] NtOpenThread: {Acesso Negado} Um processo solicitou acesso a um objeto, mas o direito de acesso não lhe foi concedido. (0xc0000022)
[0511/232957.160:ERROR:exception_snapshot_win.cc(98)] thread ID 31460 not found in process
[0511/232957.171:ERROR:process_reader_win.cc(151)] SuspendThread: Acesso negado. (0x5)
[0511/232957.172:ERROR:process_reader_win.cc(151)] SuspendThread: Acesso negado. (0x5)
[0511/232957.173:ERROR:process_reader_win.cc(151)] SuspendThread: Acesso negado. (0x5)
[0511/232957.173:ERROR:process_reader_win.cc(123)] NtOpenThread: {Acesso Negado} Um processo solicitou acesso a um objeto, mas o direito de acesso não lhe foi concedido. (0xc0000022)
[0511/232957.173:ERROR:exception_snapshot_win.cc(98)] thread ID 5540 not found in process
[0511/233105.349:ERROR:process_reader_win.cc(151)] SuspendThread: Acesso negado. (0x5)
[0511/233105.350:ERROR:process_reader_win.cc(151)] SuspendThread: Acesso negado. (0x5)
[0511/233105.350:ERROR:process_reader_win.cc(123)] NtOpenThread: {Acesso Negado} Um processo solicitou acesso a um objeto, mas o direito de acesso não lhe foi concedido. (0xc0000022)
[0511/233105.351:ERROR:exception_snapshot_win.cc(98)] thread ID 16736 not found in process
[0511/233105.371:ERROR:process_reader_win.cc(151)] SuspendThread: Acesso negado. (0x5)
[0511/233105.371:ERROR:process_reader_win.cc(123)] NtOpenThread: {Acesso Negado} Um processo solicitou acesso a um objeto, mas o direito de acesso não lhe foi concedido. (0xc0000022)
[0511/233105.371:ERROR:exception_snapshot_win.cc(98)] thread ID 31360 not found in process
[0511/233105.378:ERROR:process_reader_win.cc(151)] SuspendThread: Acesso negado. (0x5)
[0511/233105.379:ERROR:process_reader_win.cc(151)] SuspendThread: Acesso negado. (0x5)
[0511/233105.379:ERROR:process_reader_win.cc(151)] SuspendThread: Acesso negado. (0x5)
[0511/233105.380:ERROR:process_reader_win.cc(151)] SuspendThread: Acesso negado. (0x5)
[0511/233105.380:ERROR:process_reader_win.cc(151)] SuspendThread: Acesso negado. (0x5)
[0511/233105.380:ERROR:process_reader_win.cc(123)] NtOpenThread: {Acesso Negado} Um processo solicitou acesso a um objeto, mas o direito de acesso não lhe foi concedido. (0xc0000022)
[0511/233105.381:ERROR:exception_snapshot_win.cc(98)] thread ID 26764 not found in process
[0511/233216.376:ERROR:process_reader_win.cc(151)] SuspendThread: Acesso negado. (0x5)
[0511/233216.378:ERROR:process_reader_win.cc(151)] SuspendThread: Acesso negado. (0x5)
[0511/233216.378:ERROR:process_reader_win.cc(123)] NtOpenThread: {Acesso Negado} Um processo solicitou acesso a um objeto, mas o direito de acesso não lhe foi concedido. (0xc0000022)
[0511/233216.379:ERROR:exception_snapshot_win.cc(98)] thread ID 29928 not found in process
[0511/233216.435:ERROR:process_reader_win.cc(151)] SuspendThread: Acesso negado. (0x5)
[0511/233216.435:ERROR:process_reader_win.cc(151)] SuspendThread: Acesso negado. (0x5)
[0511/233216.435:ERROR:process_reader_win.cc(151)] SuspendThread: Acesso negado. (0x5)
[0511/233216.435:ERROR:process_reader_win.cc(151)] SuspendThread: Acesso negado. (0x5)
[0511/233216.435:ERROR:process_reader_win.cc(151)] SuspendThread: Acesso negado. (0x5)
[0511/233216.435:ERROR:process_reader_win.cc(123)] NtOpenThread: {Acesso Negado} Um processo solicitou acesso a um objeto, mas o direito de acesso não lhe foi concedido. (0xc0000022)
[0511/233216.435:ERROR:exception_snapshot_win.cc(98)] thread ID 17484 not found in process
[0511/233216.435:ERROR:process_reader_win.cc(151)] SuspendThread: Acesso negado. (0x5)
[0511/233216.436:ERROR:process_reader_win.cc(123)] NtOpenThread: {Acesso Negado} Um processo solicitou acesso a um objeto, mas o direito de acesso não lhe foi concedido. (0xc0000022)
[0511/233216.436:ERROR:exception_snapshot_win.cc(98)] thread ID 31316 not found in process
[0511/233640.082:ERROR:process_reader_win.cc(123)] NtOpenThread: {Acesso Negado} Um processo solicitou acesso a um objeto, mas o direito de acesso não lhe foi concedido. (0xc0000022)
[0511/233640.113:ERROR:exception_snapshot_win.cc(98)] thread ID 31204 not found in process
[0511/233640.121:ERROR:process_reader_win.cc(151)] SuspendThread: Acesso negado. (0x5)
[0511/233640.121:ERROR:process_reader_win.cc(151)] SuspendThread: Acesso negado. (0x5)
[0511/233640.121:ERROR:process_reader_win.cc(123)] NtOpenThread: {Acesso Negado} Um processo solicitou acesso a um objeto, mas o direito de acesso não lhe foi concedido. (0xc0000022)
[0511/233640.121:ERROR:exception_snapshot_win.cc(98)] thread ID 22584 not found in process
[0511/233640.151:ERROR:process_reader_win.cc(151)] SuspendThread: Acesso negado. (0x5)
[0511/233640.151:ERROR:process_reader_win.cc(123)] NtOpenThread: {Acesso Negado} Um processo solicitou acesso a um objeto, mas o direito de acesso não lhe foi concedido. (0xc0000022)
[0511/233640.151:ERROR:exception_snapshot_win.cc(98)] thread ID 30748 not found in process
[0511/233729.382:ERROR:process_reader_win.cc(151)] SuspendThread: Acesso negado. (0x5)
[0511/233729.390:ERROR:process_reader_win.cc(151)] SuspendThread: Acesso negado. (0x5)
[0511/233729.390:ERROR:process_reader_win.cc(123)] NtOpenThread: {Acesso Negado} Um processo solicitou acesso a um objeto, mas o direito de acesso não lhe foi concedido. (0xc0000022)
[0511/233729.391:ERROR:exception_snapshot_win.cc(98)] thread ID 18560 not found in process
[0511/233729.422:ERROR:process_reader_win.cc(151)] SuspendThread: Acesso negado. (0x5)
[0511/233729.422:ERROR:process_reader_win.cc(123)] NtOpenThread: {Acesso Negado} Um processo solicitou acesso a um objeto, mas o direito de acesso não lhe foi concedido. (0xc0000022)
[0511/233729.422:ERROR:exception_snapshot_win.cc(98)] thread ID 25740 not found in process
[0511/234315.879:ERROR:process_reader_win.cc(151)] SuspendThread: Acesso negado. (0x5)
[0511/234315.882:ERROR:process_reader_win.cc(151)] SuspendThread: Acesso negado. (0x5)
[0511/234315.882:ERROR:process_reader_win.cc(123)] NtOpenThread: {Acesso Negado} Um processo solicitou acesso a um objeto, mas o direito de acesso não lhe foi concedido. (0xc0000022)
[0511/234315.883:ERROR:exception_snapshot_win.cc(98)] thread ID 31688 not found in process
[0511/234315.927:ERROR:process_reader_win.cc(123)] NtOpenThread: {Acesso Negado} Um processo solicitou acesso a um objeto, mas o direito de acesso não lhe foi concedido. (0xc0000022)
[0511/234315.927:ERROR:exception_snapshot_win.cc(98)] thread ID 30848 not found in process
[0511/235048.421:ERROR:process_reader_win.cc(151)] SuspendThread: Acesso negado. (0x5)
[0511/235048.424:ERROR:process_reader_win.cc(151)] SuspendThread: Acesso negado. (0x5)
[0511/235048.424:ERROR:process_reader_win.cc(123)] NtOpenThread: {Acesso Negado} Um processo solicitou acesso a um objeto, mas o direito de acesso não lhe foi concedido. (0xc0000022)
[0511/235048.425:ERROR:exception_snapshot_win.cc(98)] thread ID 25784 not found in process
[0511/235048.470:ERROR:process_reader_win.cc(151)] SuspendThread: Acesso negado. (0x5)
[0511/235048.470:ERROR:process_reader_win.cc(151)] SuspendThread: Acesso negado. (0x5)
[0511/235048.470:ERROR:process_reader_win.cc(151)] SuspendThread: Acesso negado. (0x5)
[0511/235048.470:ERROR:process_reader_win.cc(123)] NtOpenThread: {Acesso Negado} Um processo solicitou acesso a um objeto, mas o direito de acesso não lhe foi concedido. (0xc0000022)
[0511/235048.470:ERROR:exception_snapshot_win.cc(98)] thread ID 29800 not found in process
[0511/235201.079:ERROR:process_reader_win.cc(151)] SuspendThread: Acesso negado. (0x5)
[0511/235201.108:ERROR:process_reader_win.cc(151)] SuspendThread: Acesso negado. (0x5)
[0511/235201.108:ERROR:process_reader_win.cc(123)] NtOpenThread: {Acesso Negado} Um processo solicitou acesso a um objeto, mas o direito de acesso não lhe foi concedido. (0xc0000022)
[0511/235201.109:ERROR:exception_snapshot_win.cc(98)] thread ID 25396 not found in process
[0511/235201.140:ERROR:process_reader_win.cc(151)] SuspendThread: Acesso negado. (0x5)
[0511/235201.140:ERROR:process_reader_win.cc(151)] SuspendThread: Acesso negado. (0x5)
[0511/235201.140:ERROR:process_reader_win.cc(151)] SuspendThread: Acesso negado. (0x5)
[0511/235201.140:ERROR:process_reader_win.cc(123)] NtOpenThread: {Acesso Negado} Um processo solicitou acesso a um objeto, mas o direito de acesso não lhe foi concedido. (0xc0000022)
[0511/235201.140:ERROR:exception_snapshot_win.cc(98)] thread ID 16436 not found in process
[0511/235349.579:ERROR:process_reader_win.cc(151)] SuspendThread: Acesso negado. (0x5)
[0511/235349.582:ERROR:process_reader_win.cc(151)] SuspendThread: Acesso negado. (0x5)
[0511/235349.582:ERROR:process_reader_win.cc(123)] NtOpenThread: {Acesso Negado} Um processo solicitou acesso a um objeto, mas o direito de acesso não lhe foi concedido. (0xc0000022)
[0511/235349.582:ERROR:exception_snapshot_win.cc(98)] thread ID 18184 not found in process
[0511/235349.591:ERROR:process_reader_win.cc(151)] SuspendThread: Acesso negado. (0x5)
[0511/235349.591:ERROR:process_reader_win.cc(151)] SuspendThread: Acesso negado. (0x5)
[0511/235349.591:ERROR:process_reader_win.cc(151)] SuspendThread: Acesso negado. (0x5)
[0511/235349.591:ERROR:process_reader_win.cc(123)] NtOpenThread: {Acesso Negado} Um processo solicitou acesso a um objeto, mas o direito de acesso não lhe foi concedido. (0xc0000022)
[0511/235349.591:ERROR:exception_snapshot_win.cc(98)] thread ID 14824 not found in process
[0511/235524.354:ERROR:process_reader_win.cc(151)] SuspendThread: Acesso negado. (0x5)
[0511/235524.358:ERROR:process_reader_win.cc(123)] NtOpenThread: {Acesso Negado} Um processo solicitou acesso a um objeto, mas o direito de acesso não lhe foi concedido. (0xc0000022)
[0511/235524.359:ERROR:exception_snapshot_win.cc(98)] thread ID 24580 not found in process
[0511/235524.384:ERROR:process_reader_win.cc(151)] SuspendThread: Acesso negado. (0x5)
[0511/235524.384:ERROR:process_reader_win.cc(151)] SuspendThread: Acesso negado. (0x5)
[0511/235524.384:ERROR:process_reader_win.cc(123)] NtOpenThread: {Acesso Negado} Um processo solicitou acesso a um objeto, mas o direito de acesso não lhe foi concedido. (0xc0000022)
[0511/235524.384:ERROR:exception_snapshot_win.cc(98)] thread ID 10796 not found in process
[0512/000323.432:ERROR:process_reader_win.cc(123)] NtOpenThread: {Acesso Negado} Um processo solicitou acesso a um objeto, mas o direito de acesso não lhe foi concedido. (0xc0000022)
[0512/000323.435:ERROR:exception_snapshot_win.cc(98)] thread ID 25784 not found in process
[0512/000323.464:ERROR:process_reader_win.cc(123)] NtOpenThread: {Acesso Negado} Um processo solicitou acesso a um objeto, mas o direito de acesso não lhe foi concedido. (0xc0000022)
[0512/000323.464:ERROR:exception_snapshot_win.cc(98)] thread ID 30444 not found in process
[0512/002053.582:ERROR:process_reader_win.cc(151)] SuspendThread: Acesso negado. (0x5)
[0512/002053.586:ERROR:process_reader_win.cc(151)] SuspendThread: Acesso negado. (0x5)
[0512/002053.586:ERROR:process_reader_win.cc(123)] NtOpenThread: {Acesso Negado} Um processo solicitou acesso a um objeto, mas o direito de acesso não lhe foi concedido. (0xc0000022)
[0512/002053.588:ERROR:exception_snapshot_win.cc(98)] thread ID 32152 not found in process
[0512/002053.721:ERROR:process_reader_win.cc(151)] SuspendThread: Acesso negado. (0x5)
[0512/002053.727:ERROR:process_reader_win.cc(151)] SuspendThread: Acesso negado. (0x5)
[0512/002053.727:ERROR:process_reader_win.cc(151)] SuspendThread: Acesso negado. (0x5)
[0512/002053.727:ERROR:process_reader_win.cc(151)] SuspendThread: Acesso negado. (0x5)
[0512/002053.727:ERROR:process_reader_win.cc(151)] SuspendThread: Acesso negado. (0x5)
[0512/002053.727:ERROR:process_reader_win.cc(151)] SuspendThread: Acesso negado. (0x5)
[0512/002053.727:ERROR:process_reader_win.cc(123)] NtOpenThread: {Acesso Negado} Um processo solicitou acesso a um objeto, mas o direito de acesso não lhe foi concedido. (0xc0000022)
[0512/002053.727:ERROR:exception_snapshot_win.cc(98)] thread ID 32492 not found in process
[0512/002641.522:ERROR:process_reader_win.cc(151)] SuspendThread: Acesso negado. (0x5)
[0512/002641.525:ERROR:process_reader_win.cc(151)] SuspendThread: Acesso negado. (0x5)
[0512/002641.525:ERROR:process_reader_win.cc(151)] SuspendThread: Acesso negado. (0x5)
[0512/002641.525:ERROR:process_reader_win.cc(151)] SuspendThread: Acesso negado. (0x5)
[0512/002641.525:ERROR:process_reader_win.cc(151)] SuspendThread: Acesso negado. (0x5)
[0512/002641.525:ERROR:process_reader_win.cc(151)] SuspendThread: Acesso negado. (0x5)
[0512/002641.525:ERROR:process_reader_win.cc(151)] SuspendThread: Acesso negado. (0x5)
[0512/002641.525:ERROR:process_reader_win.cc(151)] SuspendThread: Acesso negado. (0x5)
[0512/002641.525:ERROR:process_reader_win.cc(151)] SuspendThread: Acesso negado. (0x5)
[0512/002641.525:ERROR:process_reader_win.cc(151)] SuspendThread: Acesso negado. (0x5)
[0512/002641.525:ERROR:process_reader_win.cc(151)] SuspendThread: Acesso negado. (0x5)
[0512/002641.526:ERROR:process_reader_win.cc(151)] SuspendThread: Acesso negado. (0x5)
[0512/002641.526:ERROR:process_reader_win.cc(151)] SuspendThread: Acesso negado. (0x5)
[0512/002641.526:ERROR:process_reader_win.cc(151)] SuspendThread: Acesso negado. (0x5)
[0512/002641.526:ERROR:process_reader_win.cc(151)] SuspendThread: Acesso negado. (0x5)
[0512/002641.526:ERROR:process_reader_win.cc(151)] SuspendThread: Acesso negado. (0x5)
[0512/002641.526:ERROR:process_reader_win.cc(151)] SuspendThread: Acesso negado. (0x5)
[0512/002641.526:ERROR:process_reader_win.cc(151)] SuspendThread: Acesso negado. (0x5)
[0512/002641.526:ERROR:process_reader_win.cc(123)] NtOpenThread: {Acesso Negado} Um processo solicitou acesso a um objeto, mas o direito de acesso não lhe foi concedido. (0xc0000022)
[0512/002641.527:ERROR:exception_snapshot_win.cc(98)] thread ID 25640 not found in process
[0512/002641.568:ERROR:process_reader_win.cc(123)] NtOpenThread: {Acesso Negado} Um processo solicitou acesso a um objeto, mas o direito de acesso não lhe foi concedido. (0xc0000022)
[0512/002641.568:ERROR:exception_snapshot_win.cc(98)] thread ID 32236 not found in process
[0512/002641.634:ERROR:process_reader_win.cc(123)] NtOpenThread: {Acesso Negado} Um processo solicitou acesso a um objeto, mas o direito de acesso não lhe foi concedido. (0xc0000022)
[0512/002641.634:ERROR:exception_snapshot_win.cc(98)] thread ID 20896 not found in process
[0512/002809.262:ERROR:process_reader_win.cc(151)] SuspendThread: Acesso negado. (0x5)
[0512/002809.263:ERROR:process_reader_win.cc(151)] SuspendThread: Acesso negado. (0x5)
[0512/002809.263:ERROR:process_reader_win.cc(123)] NtOpenThread: {Acesso Negado} Um processo solicitou acesso a um objeto, mas o direito de acesso não lhe foi concedido. (0xc0000022)
[0512/002809.265:ERROR:exception_snapshot_win.cc(98)] thread ID 22224 not found in process
[0512/002809.429:ERROR:process_reader_win.cc(151)] SuspendThread: Acesso negado. (0x5)
[0512/002809.430:ERROR:process_reader_win.cc(151)] SuspendThread: Acesso negado. (0x5)
[0512/002809.443:ERROR:process_reader_win.cc(151)] SuspendThread: Acesso negado. (0x5)
[0512/002809.443:ERROR:process_reader_win.cc(151)] SuspendThread: Acesso negado. (0x5)
[0512/002809.443:ERROR:process_reader_win.cc(151)] SuspendThread: Acesso negado. (0x5)
[0512/002809.443:ERROR:process_reader_win.cc(151)] SuspendThread: Acesso negado. (0x5)
[0512/002809.443:ERROR:process_reader_win.cc(123)] NtOpenThread: {Acesso Negado} Um processo solicitou acesso a um objeto, mas o direito de acesso não lhe foi concedido. (0xc0000022)
[0512/002809.443:ERROR:exception_snapshot_win.cc(98)] thread ID 31584 not found in process
[0512/003221.587:ERROR:process_reader_win.cc(123)] NtOpenThread: {Acesso Negado} Um processo solicitou acesso a um objeto, mas o direito de acesso não lhe foi concedido. (0xc0000022)
[0512/003221.589:ERROR:exception_snapshot_win.cc(98)] thread ID 32060 not found in process
[0512/003221.676:ERROR:process_reader_win.cc(123)] NtOpenThread: {Acesso Negado} Um processo solicitou acesso a um objeto, mas o direito de acesso não lhe foi concedido. (0xc0000022)
[0512/003221.677:ERROR:exception_snapshot_win.cc(98)] thread ID 22372 not found in process
[0512/003614.461:ERROR:process_reader_win.cc(123)] NtOpenThread: {Acesso Negado} Um processo solicitou acesso a um objeto, mas o direito de acesso não lhe foi concedido. (0xc0000022)
[0512/003614.464:ERROR:exception_snapshot_win.cc(98)] thread ID 9528 not found in process
[0512/003614.556:ERROR:process_reader_win.cc(123)] NtOpenThread: {Acesso Negado} Um processo solicitou acesso a um objeto, mas o direito de acesso não lhe foi concedido. (0xc0000022)
[0512/003614.556:ERROR:exception_snapshot_win.cc(98)] thread ID 24452 not found in process
[0512/005317.777:ERROR:process_reader_win.cc(123)] NtOpenThread: {Acesso Negado} Um processo solicitou acesso a um objeto, mas o direito de acesso não lhe foi concedido. (0xc0000022)
[0512/005317.780:ERROR:exception_snapshot_win.cc(98)] thread ID 32208 not found in process
[0512/005317.872:ERROR:process_reader_win.cc(151)] SuspendThread: Acesso negado. (0x5)
[0512/005317.873:ERROR:process_reader_win.cc(151)] SuspendThread: Acesso negado. (0x5)
[0512/005317.873:ERROR:process_reader_win.cc(123)] NtOpenThread: {Acesso Negado} Um processo solicitou acesso a um objeto, mas o direito de acesso não lhe foi concedido. (0xc0000022)
[0512/005317.873:ERROR:exception_snapshot_win.cc(98)] thread ID 18348 not found in process
[0512/005901.948:ERROR:process_reader_win.cc(123)] NtOpenThread: {Acesso Negado} Um processo solicitou acesso a um objeto, mas o direito de acesso não lhe foi concedido. (0xc0000022)
[0512/005901.953:ERROR:exception_snapshot_win.cc(98)] thread ID 31572 not found in process
[0512/005901.996:ERROR:process_reader_win.cc(123)] NtOpenThread: {Acesso Negado} Um processo solicitou acesso a um objeto, mas o direito de acesso não lhe foi concedido. (0xc0000022)
[0512/005901.997:ERROR:exception_snapshot_win.cc(98)] thread ID 24328 not found in process
[0512/090922.063:ERROR:process_reader_win.cc(123)] NtOpenThread: {Acesso Negado} Um processo solicitou acesso a um objeto, mas o direito de acesso não lhe foi concedido. (0xc0000022)
[0512/090922.070:ERROR:exception_snapshot_win.cc(98)] thread ID 41232 not found in process
[0512/090922.167:ERROR:process_reader_win.cc(151)] SuspendThread: Acesso negado. (0x5)
[0512/090922.167:ERROR:process_reader_win.cc(151)] SuspendThread: Acesso negado. (0x5)
[0512/090922.167:ERROR:process_reader_win.cc(151)] SuspendThread: Acesso negado. (0x5)
[0512/090922.167:ERROR:process_reader_win.cc(123)] NtOpenThread: {Acesso Negado} Um processo solicitou acesso a um objeto, mas o direito de acesso não lhe foi concedido. (0xc0000022)
[0512/090922.168:ERROR:exception_snapshot_win.cc(98)] thread ID 47188 not found in process
[0512/092454.715:ERROR:process_reader_win.cc(151)] SuspendThread: Acesso negado. (0x5)
[0512/092454.717:ERROR:process_reader_win.cc(151)] SuspendThread: Acesso negado. (0x5)
[0512/092454.717:ERROR:process_reader_win.cc(123)] NtOpenThread: {Acesso Negado} Um processo solicitou acesso a um objeto, mas o direito de acesso não lhe foi concedido. (0xc0000022)
[0512/092454.717:ERROR:exception_snapshot_win.cc(98)] thread ID 40908 not found in process
[0512/092454.740:ERROR:process_reader_win.cc(151)] SuspendThread: Acesso negado. (0x5)
[0512/092454.740:ERROR:process_reader_win.cc(151)] SuspendThread: Acesso negado. (0x5)
[0512/092454.740:ERROR:process_reader_win.cc(151)] SuspendThread: Acesso negado. (0x5)
[0512/092454.740:ERROR:process_reader_win.cc(151)] SuspendThread: Acesso negado. (0x5)
[0512/092454.740:ERROR:process_reader_win.cc(123)] NtOpenThread: {Acesso Negado} Um processo solicitou acesso a um objeto, mas o direito de acesso não lhe foi concedido. (0xc0000022)
[0512/092454.740:ERROR:exception_snapshot_win.cc(98)] thread ID 46244 not found in process
[0512/093529.428:ERROR:process_reader_win.cc(151)] SuspendThread: Acesso negado. (0x5)
[0512/093529.437:ERROR:process_reader_win.cc(151)] SuspendThread: Acesso negado. (0x5)
[0512/093529.437:ERROR:process_reader_win.cc(123)] NtOpenThread: {Acesso Negado} Um processo solicitou acesso a um objeto, mas o direito de acesso não lhe foi concedido. (0xc0000022)
[0512/093529.439:ERROR:exception_snapshot_win.cc(98)] thread ID 19368 not found in process
[0512/093529.472:ERROR:process_reader_win.cc(123)] NtOpenThread: {Acesso Negado} Um processo solicitou acesso a um objeto, mas o direito de acesso não lhe foi concedido. (0xc0000022)
[0512/093529.472:ERROR:exception_snapshot_win.cc(98)] thread ID 37180 not found in process
[0512/110810.921:ERROR:process_reader_win.cc(151)] SuspendThread: Acesso negado. (0x5)
[0512/110810.923:ERROR:process_reader_win.cc(123)] NtOpenThread: {Acesso Negado} Um processo solicitou acesso a um objeto, mas o direito de acesso não lhe foi concedido. (0xc0000022)
[0512/110810.924:ERROR:exception_snapshot_win.cc(98)] thread ID 17940 not found in process
[0512/110810.936:ERROR:process_reader_win.cc(151)] SuspendThread: Acesso negado. (0x5)
[0512/110810.936:ERROR:process_reader_win.cc(151)] SuspendThread: Acesso negado. (0x5)
[0512/110810.936:ERROR:process_reader_win.cc(151)] SuspendThread: Acesso negado. (0x5)
[0512/110810.936:ERROR:process_reader_win.cc(123)] NtOpenThread: {Acesso Negado} Um processo solicitou acesso a um objeto, mas o direito de acesso não lhe foi concedido. (0xc0000022)
[0512/110810.937:ERROR:exception_snapshot_win.cc(98)] thread ID 28324 not found in process
